<?xml version="1.0" encoding="UTF-8"?>
<!-- Generated by org.testng.reporters.JUnitXMLReporter -->
<testsuite hostname="LAPTOP-R4COBJAR" ignored="0" name="CarDetailsValidation" tests="4" failures="2" timestamp="2021-10-15T15:08:14 BST" time="15.027" errors="0">
  <testcase name="vehicleTestOne" time="0.927" classname="carcheck.testcases.vehicleIdentityPageTest"/>
  <testcase name="vehicleTestOne" time="0.994" classname="carcheck.testcases.vehicleIdentityPageTest">
    <failure type="java.lang.AssertionError" message="expected [true] but found [false]">
      <![CDATA[java.lang.AssertionError: expected [true] but found [false]
at carcheck.testcases.vehicleIdentityPageTest.vehicleTestOne(vehicleIdentityPageTest.java:52)
at java.util.ArrayList.forEach(Unknown Source)
... Removed 32 stack frames]]>
    </failure>
  </testcase> <!-- vehicleTestOne -->
  <testcase name="vehicleTestOne" time="0.879" classname="carcheck.testcases.vehicleIdentityPageTest"/>
  <testcase name="vehicleTestOne" time="0.921" classname="carcheck.testcases.vehicleIdentityPageTest">
    <failure type="java.lang.AssertionError" message="expected [true] but found [false]">
      <![CDATA[java.lang.AssertionError: expected [true] but found [false]
at carcheck.testcases.vehicleIdentityPageTest.vehicleTestOne(vehicleIdentityPageTest.java:52)
at java.util.ArrayList.forEach(Unknown Source)
... Removed 32 stack frames]]>
    </failure>
  </testcase> <!-- vehicleTestOne -->
</testsuite> <!-- CarDetailsValidation -->
